<?xml version="1.0" encoding="UTF-8"?>
<coverage generated="1687210621104" clover="3.2.0">
  <project timestamp="1687210621104" name="All files">
    <metrics statements="117" coveredstatements="117" conditionals="33" coveredconditionals="33" methods="52" coveredmethods="52" elements="202" coveredelements="202" complexity="0" loc="117" ncloc="117" packages="6" files="6" classes="6"/>
    <package name="Components.country-card">
      <metrics statements="12" coveredstatements="12" conditionals="2" coveredconditionals="2" methods="4" coveredmethods="4"/>
      <file name="CountryCard.jsx" path="C:\Users\danguelisboa\Desktop\REST-Countries-API-with-color-theme-switcher-FrontEndMentor\src\Components\country-card\CountryCard.jsx">
        <metrics statements="12" coveredstatements="12" conditionals="2" coveredconditionals="2" methods="4" coveredmethods="4"/>
        <line num="16" count="75" type="stmt"/>
        <line num="19" count="75" type="stmt"/>
        <line num="20" count="17" type="cond" truecount="2" falsecount="0"/>
        <line num="21" count="1" type="stmt"/>
        <line num="22" count="1" type="stmt"/>
        <line num="24" count="16" type="stmt"/>
        <line num="27" count="75" type="stmt"/>
        <line num="31" count="1" type="stmt"/>
        <line num="34" count="75" type="stmt"/>
        <line num="36" count="75" type="stmt"/>
        <line num="38" count="75" type="stmt"/>
        <line num="42" count="1" type="stmt"/>
      </file>
    </package>
    <package name="Components.errorMessage">
      <metrics statements="7" coveredstatements="7" conditionals="2" coveredconditionals="2" methods="2" coveredmethods="2"/>
      <file name="ErrorMessage.jsx" path="C:\Users\danguelisboa\Desktop\REST-Countries-API-with-color-theme-switcher-FrontEndMentor\src\Components\errorMessage\ErrorMessage.jsx">
        <metrics statements="7" coveredstatements="7" conditionals="2" coveredconditionals="2" methods="2" coveredmethods="2"/>
        <line num="6" count="5" type="stmt"/>
        <line num="9" count="5" type="stmt"/>
        <line num="10" count="5" type="cond" truecount="2" falsecount="0"/>
        <line num="11" count="1" type="stmt"/>
        <line num="12" count="1" type="stmt"/>
        <line num="14" count="4" type="stmt"/>
        <line num="17" count="5" type="stmt"/>
      </file>
    </package>
    <package name="Components.header">
      <metrics statements="8" coveredstatements="8" conditionals="2" coveredconditionals="2" methods="3" coveredmethods="3"/>
      <file name="Header.jsx" path="C:\Users\danguelisboa\Desktop\REST-Countries-API-with-color-theme-switcher-FrontEndMentor\src\Components\header\Header.jsx">
        <metrics statements="8" coveredstatements="8" conditionals="2" coveredconditionals="2" methods="3" coveredmethods="3"/>
        <line num="8" count="3" type="stmt"/>
        <line num="11" count="3" type="stmt"/>
        <line num="12" count="3" type="cond" truecount="2" falsecount="0"/>
        <line num="13" count="1" type="stmt"/>
        <line num="14" count="1" type="stmt"/>
        <line num="16" count="2" type="stmt"/>
        <line num="19" count="3" type="stmt"/>
        <line num="35" count="1" type="stmt"/>
      </file>
    </package>
    <package name="Pages.countries">
      <metrics statements="36" coveredstatements="36" conditionals="13" coveredconditionals="13" methods="15" coveredmethods="15"/>
      <file name="Countries.jsx" path="C:\Users\danguelisboa\Desktop\REST-Countries-API-with-color-theme-switcher-FrontEndMentor\src\Pages\countries\Countries.jsx">
        <metrics statements="36" coveredstatements="36" conditionals="13" coveredconditionals="13" methods="15" coveredmethods="15"/>
        <line num="12" count="72" type="stmt"/>
        <line num="13" count="72" type="stmt"/>
        <line num="14" count="72" type="stmt"/>
        <line num="15" count="72" type="stmt"/>
        <line num="16" count="72" type="stmt"/>
        <line num="19" count="72" type="stmt"/>
        <line num="20" count="10" type="cond" truecount="2" falsecount="0"/>
        <line num="21" count="1" type="stmt"/>
        <line num="22" count="1" type="stmt"/>
        <line num="24" count="9" type="stmt"/>
        <line num="27" count="72" type="stmt"/>
        <line num="28" count="11" type="stmt"/>
        <line num="30" count="10" type="stmt"/>
        <line num="31" count="10" type="stmt"/>
        <line num="34" count="1" type="stmt"/>
        <line num="35" count="1" type="stmt"/>
        <line num="39" count="72" type="stmt"/>
        <line num="40" count="2" type="stmt"/>
        <line num="44" count="1" type="stmt"/>
        <line num="45" count="1" type="stmt"/>
        <line num="48" count="1" type="stmt"/>
        <line num="49" count="1" type="stmt"/>
        <line num="54" count="72" type="stmt"/>
        <line num="55" count="10" type="stmt"/>
        <line num="58" count="72" type="stmt"/>
        <line num="70" count="3" type="cond" truecount="2" falsecount="0"/>
        <line num="71" count="1" type="stmt"/>
        <line num="73" count="2" type="stmt"/>
        <line num="78" count="72" type="stmt"/>
        <line num="79" count="126" type="cond" truecount="2" falsecount="0"/>
        <line num="82" count="230" type="cond" truecount="3" falsecount="0"/>
        <line num="91" count="72" type="cond" truecount="2" falsecount="0"/>
        <line num="100" count="48" type="stmt"/>
        <line num="111" count="3" type="stmt"/>
        <line num="112" count="3" type="stmt"/>
        <line num="122" count="69" type="stmt"/>
      </file>
    </package>
    <package name="Pages.country-details">
      <metrics statements="41" coveredstatements="41" conditionals="14" coveredconditionals="14" methods="16" coveredmethods="16"/>
      <file name="CountryDetails.jsx" path="C:\Users\danguelisboa\Desktop\REST-Countries-API-with-color-theme-switcher-FrontEndMentor\src\Pages\country-details\CountryDetails.jsx">
        <metrics statements="41" coveredstatements="41" conditionals="14" coveredconditionals="14" methods="16" coveredmethods="16"/>
        <line num="10" count="16" type="stmt"/>
        <line num="11" count="16" type="stmt"/>
        <line num="12" count="16" type="stmt"/>
        <line num="13" count="16" type="stmt"/>
        <line num="14" count="16" type="stmt"/>
        <line num="15" count="16" type="stmt"/>
        <line num="16" count="16" type="stmt"/>
        <line num="17" count="16" type="stmt"/>
        <line num="18" count="16" type="stmt"/>
        <line num="21" count="16" type="stmt"/>
        <line num="22" count="8" type="cond" truecount="2" falsecount="0"/>
        <line num="23" count="1" type="stmt"/>
        <line num="24" count="1" type="stmt"/>
        <line num="26" count="7" type="stmt"/>
        <line num="29" count="16" type="stmt"/>
        <line num="30" count="8" type="stmt"/>
        <line num="34" count="4" type="stmt"/>
        <line num="35" count="4" type="stmt"/>
        <line num="36" count="4" type="stmt"/>
        <line num="37" count="4" type="stmt"/>
        <line num="38" count="4" type="stmt"/>
        <line num="41" count="1" type="stmt"/>
        <line num="42" count="1" type="stmt"/>
        <line num="46" count="16" type="stmt"/>
        <line num="47" count="12" type="cond" truecount="4" falsecount="0"/>
        <line num="48" count="4" type="stmt"/>
        <line num="50" count="3" type="stmt"/>
        <line num="53" count="1" type="stmt"/>
        <line num="55" count="4" type="stmt"/>
        <line num="60" count="16" type="stmt"/>
        <line num="61" count="8" type="stmt"/>
        <line num="65" count="16" type="stmt"/>
        <line num="66" count="12" type="stmt"/>
        <line num="71" count="1" type="stmt"/>
        <line num="74" count="16" type="stmt"/>
        <line num="75" count="1" type="stmt"/>
        <line num="78" count="16" type="cond" truecount="2" falsecount="0"/>
        <line num="130" count="7" type="stmt"/>
        <line num="137" count="7" type="stmt"/>
        <line num="151" count="3" type="stmt"/>
        <line num="156" count="1" type="stmt"/>
      </file>
    </package>
    <package name="services">
      <metrics statements="13" coveredstatements="13" conditionals="0" coveredconditionals="0" methods="12" coveredmethods="12"/>
      <file name="ApiCountries.js" path="C:\Users\danguelisboa\Desktop\REST-Countries-API-with-color-theme-switcher-FrontEndMentor\src\services\ApiCountries.js">
        <metrics statements="13" coveredstatements="13" conditionals="0" coveredconditionals="0" methods="12" coveredmethods="12"/>
        <line num="3" count="3" type="stmt"/>
        <line num="9" count="4" type="stmt"/>
        <line num="10" count="3" type="stmt"/>
        <line num="12" count="1" type="stmt"/>
        <line num="18" count="2" type="stmt"/>
        <line num="19" count="1" type="stmt"/>
        <line num="21" count="1" type="stmt"/>
        <line num="27" count="5" type="stmt"/>
        <line num="28" count="1" type="stmt"/>
        <line num="30" count="1" type="stmt"/>
        <line num="36" count="2" type="stmt"/>
        <line num="37" count="1" type="stmt"/>
        <line num="39" count="1" type="stmt"/>
      </file>
    </package>
  </project>
</coverage>
