{"C:\\Users\\danguelisboa\\Desktop\\REST-Countries-API-with-color-theme-switcher-FrontEndMentor\\src\\Components\\country-card\\CountryCard.jsx": {"path":"C:\\Users\\danguelisboa\\Desktop\\REST-Countries-API-with-color-theme-switcher-FrontEndMentor\\src\\Components\\country-card\\CountryCard.jsx","statementMap":{"0":{"start":{"line":16,"column":30},"end":{"line":16,"column":45}},"1":{"start":{"line":19,"column":2},"end":{"line":25,"column":17}},"2":{"start":{"line":20,"column":4},"end":{"line":23,"column":5}},"3":{"start":{"line":21,"column":6},"end":{"line":21,"column":27}},"4":{"start":{"line":22,"column":6},"end":{"line":22,"column":13}},"5":{"start":{"line":24,"column":4},"end":{"line":24,"column":21}},"6":{"start":{"line":27,"column":19},"end":{"line":27,"column":32}},"7":{"start":{"line":31,"column":4},"end":{"line":31,"column":41}},"8":{"start":{"line":34,"column":17},"end":{"line":34,"column":79}},"9":{"start":{"line":36,"column":20},"end":{"line":36,"column":35}},"10":{"start":{"line":38,"column":2},"end":{"line":61,"column":4}},"11":{"start":{"line":42,"column":8},"end":{"line":42,"column":33}}},"fnMap":{"0":{"name":"CountryCard","decl":{"start":{"line":8,"column":24},"end":{"line":8,"column":35}},"loc":{"start":{"line":15,"column":3},"end":{"line":62,"column":1}},"line":15},"1":{"name":"(anonymous_1)","decl":{"start":{"line":19,"column":12},"end":{"line":19,"column":13}},"loc":{"start":{"line":19,"column":18},"end":{"line":25,"column":3}},"line":19},"2":{"name":"showCountryDetails","decl":{"start":{"line":30,"column":11},"end":{"line":30,"column":29}},"loc":{"start":{"line":30,"column":36},"end":{"line":32,"column":3}},"line":30},"3":{"name":"(anonymous_3)","decl":{"start":{"line":41,"column":15},"end":{"line":41,"column":16}},"loc":{"start":{"line":41,"column":21},"end":{"line":43,"column":7}},"line":41}},"branchMap":{"0":{"loc":{"start":{"line":20,"column":4},"end":{"line":23,"column":5}},"type":"if","locations":[{"start":{"line":20,"column":4},"end":{"line":23,"column":5}},{"start":{},"end":{}}],"line":20}},"s":{"0":75,"1":75,"2":17,"3":1,"4":1,"5":16,"6":75,"7":1,"8":75,"9":75,"10":75,"11":1},"f":{"0":75,"1":17,"2":1,"3":1},"b":{"0":[1,16]},"_coverageSchema":"1a1c01bbd47fc00a2c39e90264f33305004495a9","hash":"4f83bab785395521d2bd74009bb1eed75d1fa86a"}
,"C:\\Users\\danguelisboa\\Desktop\\REST-Countries-API-with-color-theme-switcher-FrontEndMentor\\src\\Components\\errorMessage\\ErrorMessage.jsx": {"path":"C:\\Users\\danguelisboa\\Desktop\\REST-Countries-API-with-color-theme-switcher-FrontEndMentor\\src\\Components\\errorMessage\\ErrorMessage.jsx","statementMap":{"0":{"start":{"line":6,"column":30},"end":{"line":6,"column":45}},"1":{"start":{"line":9,"column":2},"end":{"line":15,"column":17}},"2":{"start":{"line":10,"column":4},"end":{"line":13,"column":5}},"3":{"start":{"line":11,"column":6},"end":{"line":11,"column":27}},"4":{"start":{"line":12,"column":6},"end":{"line":12,"column":13}},"5":{"start":{"line":14,"column":4},"end":{"line":14,"column":21}},"6":{"start":{"line":17,"column":2},"end":{"line":27,"column":4}}},"fnMap":{"0":{"name":"ErrorMessage","decl":{"start":{"line":5,"column":24},"end":{"line":5,"column":36}},"loc":{"start":{"line":5,"column":51},"end":{"line":28,"column":1}},"line":5},"1":{"name":"(anonymous_1)","decl":{"start":{"line":9,"column":12},"end":{"line":9,"column":13}},"loc":{"start":{"line":9,"column":18},"end":{"line":15,"column":3}},"line":9}},"branchMap":{"0":{"loc":{"start":{"line":10,"column":4},"end":{"line":13,"column":5}},"type":"if","locations":[{"start":{"line":10,"column":4},"end":{"line":13,"column":5}},{"start":{},"end":{}}],"line":10}},"s":{"0":5,"1":5,"2":5,"3":1,"4":1,"5":4,"6":5},"f":{"0":5,"1":5},"b":{"0":[1,4]},"_coverageSchema":"1a1c01bbd47fc00a2c39e90264f33305004495a9","hash":"e00ae09e874e4537370c31baef2049343b0453f4"}
,"C:\\Users\\danguelisboa\\Desktop\\REST-Countries-API-with-color-theme-switcher-FrontEndMentor\\src\\Components\\header\\Header.jsx": {"path":"C:\\Users\\danguelisboa\\Desktop\\REST-Countries-API-with-color-theme-switcher-FrontEndMentor\\src\\Components\\header\\Header.jsx","statementMap":{"0":{"start":{"line":8,"column":30},"end":{"line":8,"column":45}},"1":{"start":{"line":11,"column":2},"end":{"line":17,"column":17}},"2":{"start":{"line":12,"column":4},"end":{"line":15,"column":5}},"3":{"start":{"line":13,"column":6},"end":{"line":13,"column":27}},"4":{"start":{"line":14,"column":6},"end":{"line":14,"column":13}},"5":{"start":{"line":16,"column":4},"end":{"line":16,"column":21}},"6":{"start":{"line":19,"column":2},"end":{"line":40,"column":4}},"7":{"start":{"line":35,"column":12},"end":{"line":35,"column":33}}},"fnMap":{"0":{"name":"Header","decl":{"start":{"line":7,"column":24},"end":{"line":7,"column":30}},"loc":{"start":{"line":7,"column":58},"end":{"line":41,"column":1}},"line":7},"1":{"name":"(anonymous_1)","decl":{"start":{"line":11,"column":12},"end":{"line":11,"column":13}},"loc":{"start":{"line":11,"column":18},"end":{"line":17,"column":3}},"line":11},"2":{"name":"(anonymous_2)","decl":{"start":{"line":34,"column":20},"end":{"line":34,"column":21}},"loc":{"start":{"line":34,"column":27},"end":{"line":36,"column":11}},"line":34}},"branchMap":{"0":{"loc":{"start":{"line":12,"column":4},"end":{"line":15,"column":5}},"type":"if","locations":[{"start":{"line":12,"column":4},"end":{"line":15,"column":5}},{"start":{},"end":{}}],"line":12}},"s":{"0":3,"1":3,"2":3,"3":1,"4":1,"5":2,"6":3,"7":1},"f":{"0":3,"1":3,"2":1},"b":{"0":[1,2]},"_coverageSchema":"1a1c01bbd47fc00a2c39e90264f33305004495a9","hash":"8da16bc87dc392c9bec4fa44ac8deaaf88f0899b"}
,"C:\\Users\\danguelisboa\\Desktop\\REST-Countries-API-with-color-theme-switcher-FrontEndMentor\\src\\Pages\\countries\\Countries.jsx": {"path":"C:\\Users\\danguelisboa\\Desktop\\REST-Countries-API-with-color-theme-switcher-FrontEndMentor\\src\\Pages\\countries\\Countries.jsx","statementMap":{"0":{"start":{"line":12,"column":30},"end":{"line":12,"column":45}},"1":{"start":{"line":13,"column":34},"end":{"line":13,"column":46}},"2":{"start":{"line":14,"column":44},"end":{"line":14,"column":58}},"3":{"start":{"line":15,"column":46},"end":{"line":15,"column":60}},"4":{"start":{"line":16,"column":30},"end":{"line":16,"column":42}},"5":{"start":{"line":19,"column":2},"end":{"line":25,"column":17}},"6":{"start":{"line":20,"column":4},"end":{"line":23,"column":5}},"7":{"start":{"line":21,"column":6},"end":{"line":21,"column":27}},"8":{"start":{"line":22,"column":6},"end":{"line":22,"column":13}},"9":{"start":{"line":24,"column":4},"end":{"line":24,"column":21}},"10":{"start":{"line":27,"column":26},"end":{"line":37,"column":3}},"11":{"start":{"line":28,"column":4},"end":{"line":36,"column":9}},"12":{"start":{"line":30,"column":8},"end":{"line":30,"column":26}},"13":{"start":{"line":31,"column":8},"end":{"line":31,"column":31}},"14":{"start":{"line":34,"column":8},"end":{"line":34,"column":32}},"15":{"start":{"line":35,"column":8},"end":{"line":35,"column":27}},"16":{"start":{"line":39,"column":31},"end":{"line":51,"column":3}},"17":{"start":{"line":40,"column":4},"end":{"line":50,"column":9}},"18":{"start":{"line":44,"column":8},"end":{"line":44,"column":26}},"19":{"start":{"line":45,"column":8},"end":{"line":45,"column":31}},"20":{"start":{"line":48,"column":8},"end":{"line":48,"column":32}},"21":{"start":{"line":49,"column":8},"end":{"line":49,"column":27}},"22":{"start":{"line":54,"column":2},"end":{"line":56,"column":9}},"23":{"start":{"line":55,"column":4},"end":{"line":55,"column":22}},"24":{"start":{"line":58,"column":18},"end":{"line":66,"column":3}},"25":{"start":{"line":70,"column":4},"end":{"line":74,"column":5}},"26":{"start":{"line":71,"column":6},"end":{"line":71,"column":24}},"27":{"start":{"line":73,"column":6},"end":{"line":73,"column":35}},"28":{"start":{"line":78,"column":28},"end":{"line":89,"column":3}},"29":{"start":{"line":79,"column":4},"end":{"line":88,"column":11}},"30":{"start":{"line":82,"column":12},"end":{"line":86,"column":71}},"31":{"start":{"line":91,"column":2},"end":{"line":145,"column":4}},"32":{"start":{"line":100,"column":14},"end":{"line":100,"column":40}},"33":{"start":{"line":111,"column":12},"end":{"line":111,"column":38}},"34":{"start":{"line":112,"column":12},"end":{"line":112,"column":39}},"35":{"start":{"line":122,"column":12},"end":{"line":132,"column":14}}},"fnMap":{"0":{"name":"Countries","decl":{"start":{"line":11,"column":24},"end":{"line":11,"column":33}},"loc":{"start":{"line":11,"column":48},"end":{"line":146,"column":1}},"line":11},"1":{"name":"(anonymous_1)","decl":{"start":{"line":19,"column":12},"end":{"line":19,"column":13}},"loc":{"start":{"line":19,"column":18},"end":{"line":25,"column":3}},"line":19},"2":{"name":"(anonymous_2)","decl":{"start":{"line":27,"column":26},"end":{"line":27,"column":27}},"loc":{"start":{"line":27,"column":38},"end":{"line":37,"column":3}},"line":27},"3":{"name":"(anonymous_3)","decl":{"start":{"line":29,"column":13},"end":{"line":29,"column":14}},"loc":{"start":{"line":29,"column":23},"end":{"line":32,"column":7}},"line":29},"4":{"name":"(anonymous_4)","decl":{"start":{"line":33,"column":14},"end":{"line":33,"column":15}},"loc":{"start":{"line":33,"column":25},"end":{"line":36,"column":7}},"line":33},"5":{"name":"(anonymous_5)","decl":{"start":{"line":39,"column":31},"end":{"line":39,"column":32}},"loc":{"start":{"line":39,"column":49},"end":{"line":51,"column":3}},"line":39},"6":{"name":"(anonymous_6)","decl":{"start":{"line":43,"column":13},"end":{"line":43,"column":14}},"loc":{"start":{"line":43,"column":23},"end":{"line":46,"column":7}},"line":43},"7":{"name":"(anonymous_7)","decl":{"start":{"line":47,"column":13},"end":{"line":47,"column":14}},"loc":{"start":{"line":47,"column":24},"end":{"line":50,"column":7}},"line":47},"8":{"name":"(anonymous_8)","decl":{"start":{"line":54,"column":12},"end":{"line":54,"column":13}},"loc":{"start":{"line":54,"column":24},"end":{"line":56,"column":3}},"line":54},"9":{"name":"applyFilter","decl":{"start":{"line":69,"column":11},"end":{"line":69,"column":22}},"loc":{"start":{"line":69,"column":31},"end":{"line":75,"column":3}},"line":69},"10":{"name":"(anonymous_10)","decl":{"start":{"line":78,"column":28},"end":{"line":78,"column":29}},"loc":{"start":{"line":78,"column":34},"end":{"line":89,"column":3}},"line":78},"11":{"name":"(anonymous_11)","decl":{"start":{"line":81,"column":10},"end":{"line":81,"column":11}},"loc":{"start":{"line":82,"column":12},"end":{"line":86,"column":71}},"line":82},"12":{"name":"(anonymous_12)","decl":{"start":{"line":99,"column":22},"end":{"line":99,"column":23}},"loc":{"start":{"line":99,"column":29},"end":{"line":101,"column":13}},"line":99},"13":{"name":"(anonymous_13)","decl":{"start":{"line":110,"column":20},"end":{"line":110,"column":21}},"loc":{"start":{"line":110,"column":27},"end":{"line":113,"column":11}},"line":110},"14":{"name":"(anonymous_14)","decl":{"start":{"line":121,"column":34},"end":{"line":121,"column":35}},"loc":{"start":{"line":121,"column":47},"end":{"line":133,"column":11}},"line":121}},"branchMap":{"0":{"loc":{"start":{"line":20,"column":4},"end":{"line":23,"column":5}},"type":"if","locations":[{"start":{"line":20,"column":4},"end":{"line":23,"column":5}},{"start":{},"end":{}}],"line":20},"1":{"loc":{"start":{"line":70,"column":4},"end":{"line":74,"column":5}},"type":"if","locations":[{"start":{"line":70,"column":4},"end":{"line":74,"column":5}},{"start":{"line":72,"column":11},"end":{"line":74,"column":5}}],"line":70},"2":{"loc":{"start":{"line":79,"column":11},"end":{"line":88,"column":10}},"type":"cond-expr","locations":[{"start":{"line":80,"column":8},"end":{"line":87,"column":9}},{"start":{"line":88,"column":8},"end":{"line":88,"column":10}}],"line":79},"3":{"loc":{"start":{"line":82,"column":12},"end":{"line":86,"column":71}},"type":"binary-expr","locations":[{"start":{"line":82,"column":12},"end":{"line":82,"column":76}},{"start":{"line":83,"column":12},"end":{"line":85,"column":45}},{"start":{"line":86,"column":12},"end":{"line":86,"column":71}}],"line":82},"4":{"loc":{"start":{"line":91,"column":9},"end":{"line":145,"column":3}},"type":"cond-expr","locations":[{"start":{"line":92,"column":4},"end":{"line":140,"column":10}},{"start":{"line":142,"column":4},"end":{"line":144,"column":10}}],"line":91},"5":{"loc":{"start":{"line":120,"column":9},"end":{"line":138,"column":9}},"type":"cond-expr","locations":[{"start":{"line":121,"column":10},"end":{"line":133,"column":12}},{"start":{"line":135,"column":10},"end":{"line":137,"column":16}}],"line":120}},"s":{"0":72,"1":72,"2":72,"3":72,"4":72,"5":72,"6":10,"7":1,"8":1,"9":9,"10":72,"11":11,"12":10,"13":10,"14":1,"15":1,"16":72,"17":2,"18":1,"19":1,"20":1,"21":1,"22":72,"23":10,"24":72,"25":3,"26":1,"27":2,"28":72,"29":126,"30":230,"31":72,"32":48,"33":3,"34":3,"35":69},"f":{"0":72,"1":10,"2":11,"3":10,"4":1,"5":2,"6":1,"7":1,"8":10,"9":3,"10":126,"11":230,"12":48,"13":3,"14":69},"b":{"0":[1,9],"1":[1,2],"2":[116,10],"3":[230,164,104],"4":[70,2],"5":[56,14]},"_coverageSchema":"1a1c01bbd47fc00a2c39e90264f33305004495a9","hash":"7bd37d3220bb8e932e88e71f92790c87dc3f63ce"}
,"C:\\Users\\danguelisboa\\Desktop\\REST-Countries-API-with-color-theme-switcher-FrontEndMentor\\src\\Pages\\country-details\\CountryDetails.jsx": {"path":"C:\\Users\\danguelisboa\\Desktop\\REST-Countries-API-with-color-theme-switcher-FrontEndMentor\\src\\Pages\\country-details\\CountryDetails.jsx","statementMap":{"0":{"start":{"line":10,"column":30},"end":{"line":10,"column":45}},"1":{"start":{"line":11,"column":34},"end":{"line":11,"column":44}},"2":{"start":{"line":12,"column":44},"end":{"line":12,"column":58}},"3":{"start":{"line":13,"column":38},"end":{"line":13,"column":50}},"4":{"start":{"line":14,"column":36},"end":{"line":14,"column":48}},"5":{"start":{"line":15,"column":32},"end":{"line":15,"column":44}},"6":{"start":{"line":16,"column":28},"end":{"line":16,"column":40}},"7":{"start":{"line":17,"column":19},"end":{"line":17,"column":30}},"8":{"start":{"line":18,"column":19},"end":{"line":18,"column":32}},"9":{"start":{"line":21,"column":2},"end":{"line":27,"column":17}},"10":{"start":{"line":22,"column":4},"end":{"line":25,"column":5}},"11":{"start":{"line":23,"column":6},"end":{"line":23,"column":27}},"12":{"start":{"line":24,"column":6},"end":{"line":24,"column":13}},"13":{"start":{"line":26,"column":4},"end":{"line":26,"column":21}},"14":{"start":{"line":29,"column":34},"end":{"line":44,"column":3}},"15":{"start":{"line":30,"column":4},"end":{"line":43,"column":9}},"16":{"start":{"line":34,"column":8},"end":{"line":34,"column":26}},"17":{"start":{"line":35,"column":8},"end":{"line":35,"column":55}},"18":{"start":{"line":36,"column":8},"end":{"line":36,"column":53}},"19":{"start":{"line":37,"column":8},"end":{"line":37,"column":43}},"20":{"start":{"line":38,"column":8},"end":{"line":38,"column":30}},"21":{"start":{"line":41,"column":8},"end":{"line":41,"column":31}},"22":{"start":{"line":42,"column":8},"end":{"line":42,"column":26}},"23":{"start":{"line":46,"column":40},"end":{"line":57,"column":3}},"24":{"start":{"line":47,"column":4},"end":{"line":56,"column":5}},"25":{"start":{"line":48,"column":5},"end":{"line":54,"column":11}},"26":{"start":{"line":50,"column":10},"end":{"line":50,"column":27}},"27":{"start":{"line":53,"column":10},"end":{"line":53,"column":28}},"28":{"start":{"line":55,"column":6},"end":{"line":55,"column":13}},"29":{"start":{"line":60,"column":2},"end":{"line":62,"column":13}},"30":{"start":{"line":61,"column":4},"end":{"line":61,"column":30}},"31":{"start":{"line":65,"column":2},"end":{"line":67,"column":17}},"32":{"start":{"line":66,"column":4},"end":{"line":66,"column":36}},"33":{"start":{"line":71,"column":4},"end":{"line":71,"column":41}},"34":{"start":{"line":74,"column":15},"end":{"line":76,"column":3}},"35":{"start":{"line":75,"column":4},"end":{"line":75,"column":18}},"36":{"start":{"line":78,"column":2},"end":{"line":173,"column":4}},"37":{"start":{"line":130,"column":18},"end":{"line":130,"column":46}},"38":{"start":{"line":137,"column":18},"end":{"line":137,"column":63}},"39":{"start":{"line":151,"column":20},"end":{"line":161,"column":22}},"40":{"start":{"line":156,"column":26},"end":{"line":156,"column":66}}},"fnMap":{"0":{"name":"CountryDetails","decl":{"start":{"line":9,"column":24},"end":{"line":9,"column":38}},"loc":{"start":{"line":9,"column":53},"end":{"line":174,"column":1}},"line":9},"1":{"name":"(anonymous_1)","decl":{"start":{"line":21,"column":12},"end":{"line":21,"column":13}},"loc":{"start":{"line":21,"column":18},"end":{"line":27,"column":3}},"line":21},"2":{"name":"(anonymous_2)","decl":{"start":{"line":29,"column":34},"end":{"line":29,"column":35}},"loc":{"start":{"line":29,"column":46},"end":{"line":44,"column":3}},"line":29},"3":{"name":"(anonymous_3)","decl":{"start":{"line":33,"column":12},"end":{"line":33,"column":13}},"loc":{"start":{"line":33,"column":22},"end":{"line":39,"column":7}},"line":33},"4":{"name":"(anonymous_4)","decl":{"start":{"line":40,"column":13},"end":{"line":40,"column":14}},"loc":{"start":{"line":40,"column":24},"end":{"line":43,"column":7}},"line":40},"5":{"name":"(anonymous_5)","decl":{"start":{"line":46,"column":40},"end":{"line":46,"column":41}},"loc":{"start":{"line":46,"column":52},"end":{"line":57,"column":3}},"line":46},"6":{"name":"(anonymous_6)","decl":{"start":{"line":49,"column":14},"end":{"line":49,"column":15}},"loc":{"start":{"line":49,"column":24},"end":{"line":51,"column":9}},"line":49},"7":{"name":"(anonymous_7)","decl":{"start":{"line":52,"column":15},"end":{"line":52,"column":16}},"loc":{"start":{"line":52,"column":26},"end":{"line":54,"column":9}},"line":52},"8":{"name":"(anonymous_8)","decl":{"start":{"line":60,"column":12},"end":{"line":60,"column":13}},"loc":{"start":{"line":60,"column":18},"end":{"line":62,"column":3}},"line":60},"9":{"name":"(anonymous_9)","decl":{"start":{"line":65,"column":12},"end":{"line":65,"column":13}},"loc":{"start":{"line":65,"column":18},"end":{"line":67,"column":3}},"line":65},"10":{"name":"showBorderDetails","decl":{"start":{"line":70,"column":11},"end":{"line":70,"column":28}},"loc":{"start":{"line":70,"column":35},"end":{"line":72,"column":3}},"line":70},"11":{"name":"(anonymous_11)","decl":{"start":{"line":74,"column":15},"end":{"line":74,"column":16}},"loc":{"start":{"line":74,"column":21},"end":{"line":76,"column":3}},"line":74},"12":{"name":"(anonymous_12)","decl":{"start":{"line":129,"column":32},"end":{"line":129,"column":33}},"loc":{"start":{"line":129,"column":46},"end":{"line":131,"column":17}},"line":129},"13":{"name":"(anonymous_13)","decl":{"start":{"line":136,"column":30},"end":{"line":136,"column":31}},"loc":{"start":{"line":136,"column":51},"end":{"line":138,"column":17}},"line":136},"14":{"name":"(anonymous_14)","decl":{"start":{"line":150,"column":31},"end":{"line":150,"column":32}},"loc":{"start":{"line":150,"column":43},"end":{"line":162,"column":19}},"line":150},"15":{"name":"(anonymous_15)","decl":{"start":{"line":155,"column":33},"end":{"line":155,"column":34}},"loc":{"start":{"line":155,"column":39},"end":{"line":157,"column":25}},"line":155}},"branchMap":{"0":{"loc":{"start":{"line":22,"column":4},"end":{"line":25,"column":5}},"type":"if","locations":[{"start":{"line":22,"column":4},"end":{"line":25,"column":5}},{"start":{},"end":{}}],"line":22},"1":{"loc":{"start":{"line":47,"column":4},"end":{"line":56,"column":5}},"type":"if","locations":[{"start":{"line":47,"column":4},"end":{"line":56,"column":5}},{"start":{},"end":{}}],"line":47},"2":{"loc":{"start":{"line":47,"column":8},"end":{"line":47,"column":28}},"type":"binary-expr","locations":[{"start":{"line":47,"column":8},"end":{"line":47,"column":13}},{"start":{"line":47,"column":17},"end":{"line":47,"column":28}}],"line":47},"3":{"loc":{"start":{"line":78,"column":9},"end":{"line":173,"column":3}},"type":"cond-expr","locations":[{"start":{"line":79,"column":4},"end":{"line":167,"column":10}},{"start":{"line":170,"column":4},"end":{"line":172,"column":10}}],"line":78},"4":{"loc":{"start":{"line":118,"column":15},"end":{"line":120,"column":41}},"type":"cond-expr","locations":[{"start":{"line":119,"column":18},"end":{"line":119,"column":32}},{"start":{"line":120,"column":18},"end":{"line":120,"column":41}}],"line":118},"5":{"loc":{"start":{"line":124,"column":15},"end":{"line":124,"column":72}},"type":"cond-expr","locations":[{"start":{"line":124,"column":36},"end":{"line":124,"column":50}},{"start":{"line":124,"column":53},"end":{"line":124,"column":72}}],"line":124},"6":{"loc":{"start":{"line":148,"column":15},"end":{"line":162,"column":20}},"type":"cond-expr","locations":[{"start":{"line":149,"column":18},"end":{"line":149,"column":39}},{"start":{"line":150,"column":18},"end":{"line":162,"column":20}}],"line":148}},"s":{"0":16,"1":16,"2":16,"3":16,"4":16,"5":16,"6":16,"7":16,"8":16,"9":16,"10":8,"11":1,"12":1,"13":7,"14":16,"15":8,"16":4,"17":4,"18":4,"19":4,"20":4,"21":1,"22":1,"23":16,"24":12,"25":4,"26":3,"27":1,"28":4,"29":16,"30":8,"31":16,"32":12,"33":1,"34":16,"35":1,"36":16,"37":7,"38":7,"39":3,"40":1},"f":{"0":16,"1":8,"2":8,"3":4,"4":1,"5":12,"6":3,"7":1,"8":8,"9":12,"10":1,"11":1,"12":7,"13":7,"14":3,"15":1},"b":{"0":[1,7],"1":[4,8],"2":[12,12],"3":[15,1],"4":[3,12],"5":[3,12],"6":[12,3]},"_coverageSchema":"1a1c01bbd47fc00a2c39e90264f33305004495a9","hash":"b66f87924ba9a45b2e9fc7da8c6f499ca0e4cabb"}
,"C:\\Users\\danguelisboa\\Desktop\\REST-Countries-API-with-color-theme-switcher-FrontEndMentor\\src\\services\\ApiCountries.js": {"path":"C:\\Users\\danguelisboa\\Desktop\\REST-Countries-API-with-color-theme-switcher-FrontEndMentor\\src\\services\\ApiCountries.js","statementMap":{"0":{"start":{"line":3,"column":19},"end":{"line":5,"column":2}},"1":{"start":{"line":9,"column":2},"end":{"line":13,"column":5}},"2":{"start":{"line":10,"column":4},"end":{"line":10,"column":21}},"3":{"start":{"line":12,"column":4},"end":{"line":12,"column":24}},"4":{"start":{"line":18,"column":2},"end":{"line":22,"column":5}},"5":{"start":{"line":19,"column":4},"end":{"line":19,"column":21}},"6":{"start":{"line":21,"column":4},"end":{"line":21,"column":24}},"7":{"start":{"line":27,"column":2},"end":{"line":31,"column":5}},"8":{"start":{"line":28,"column":4},"end":{"line":28,"column":25}},"9":{"start":{"line":30,"column":4},"end":{"line":30,"column":25}},"10":{"start":{"line":36,"column":2},"end":{"line":40,"column":5}},"11":{"start":{"line":37,"column":4},"end":{"line":37,"column":21}},"12":{"start":{"line":39,"column":4},"end":{"line":39,"column":24}}},"fnMap":{"0":{"name":"getAll","decl":{"start":{"line":8,"column":22},"end":{"line":8,"column":28}},"loc":{"start":{"line":8,"column":47},"end":{"line":14,"column":1}},"line":8},"1":{"name":"(anonymous_1)","decl":{"start":{"line":9,"column":46},"end":{"line":9,"column":47}},"loc":{"start":{"line":9,"column":56},"end":{"line":11,"column":3}},"line":9},"2":{"name":"(anonymous_2)","decl":{"start":{"line":11,"column":11},"end":{"line":11,"column":12}},"loc":{"start":{"line":11,"column":22},"end":{"line":13,"column":3}},"line":11},"3":{"name":"getByRegion","decl":{"start":{"line":17,"column":22},"end":{"line":17,"column":33}},"loc":{"start":{"line":17,"column":52},"end":{"line":23,"column":1}},"line":17},"4":{"name":"(anonymous_4)","decl":{"start":{"line":18,"column":46},"end":{"line":18,"column":47}},"loc":{"start":{"line":18,"column":56},"end":{"line":20,"column":3}},"line":18},"5":{"name":"(anonymous_5)","decl":{"start":{"line":20,"column":11},"end":{"line":20,"column":12}},"loc":{"start":{"line":20,"column":22},"end":{"line":22,"column":3}},"line":20},"6":{"name":"getByName","decl":{"start":{"line":26,"column":22},"end":{"line":26,"column":31}},"loc":{"start":{"line":26,"column":50},"end":{"line":32,"column":1}},"line":26},"7":{"name":"(anonymous_7)","decl":{"start":{"line":27,"column":46},"end":{"line":27,"column":47}},"loc":{"start":{"line":27,"column":56},"end":{"line":29,"column":3}},"line":27},"8":{"name":"(anonymous_8)","decl":{"start":{"line":29,"column":11},"end":{"line":29,"column":12}},"loc":{"start":{"line":29,"column":22},"end":{"line":31,"column":3}},"line":29},"9":{"name":"getByAlphaCode","decl":{"start":{"line":35,"column":22},"end":{"line":35,"column":36}},"loc":{"start":{"line":35,"column":55},"end":{"line":41,"column":1}},"line":35},"10":{"name":"(anonymous_10)","decl":{"start":{"line":36,"column":46},"end":{"line":36,"column":47}},"loc":{"start":{"line":36,"column":56},"end":{"line":38,"column":3}},"line":36},"11":{"name":"(anonymous_11)","decl":{"start":{"line":38,"column":11},"end":{"line":38,"column":12}},"loc":{"start":{"line":38,"column":22},"end":{"line":40,"column":3}},"line":38}},"branchMap":{},"s":{"0":3,"1":4,"2":3,"3":1,"4":2,"5":1,"6":1,"7":5,"8":1,"9":1,"10":2,"11":1,"12":1},"f":{"0":4,"1":3,"2":1,"3":2,"4":1,"5":1,"6":5,"7":1,"8":1,"9":2,"10":1,"11":1},"b":{},"_coverageSchema":"1a1c01bbd47fc00a2c39e90264f33305004495a9","hash":"2afd989fb398abe25ff20374a8be76169d502fea"}
}
