TN:
SF:src\Components\country-card\CountryCard.jsx
FN:8,CountryCard
FN:19,(anonymous_1)
FN:30,showCountryDetails
FN:41,(anonymous_3)
FNF:4
FNH:4
FNDA:75,CountryCard
FNDA:17,(anonymous_1)
FNDA:1,showCountryDetails
FNDA:1,(anonymous_3)
DA:16,75
DA:19,75
DA:20,17
DA:21,1
DA:22,1
DA:24,16
DA:27,75
DA:31,1
DA:34,75
DA:36,75
DA:38,75
DA:42,1
LF:12
LH:12
BRDA:20,0,0,1
BRDA:20,0,1,16
BRF:2
BRH:2
end_of_record
TN:
SF:src\Components\errorMessage\ErrorMessage.jsx
FN:5,ErrorMessage
FN:9,(anonymous_1)
FNF:2
FNH:2
FNDA:5,ErrorMessage
FNDA:5,(anonymous_1)
DA:6,5
DA:9,5
DA:10,5
DA:11,1
DA:12,1
DA:14,4
DA:17,5
LF:7
LH:7
BRDA:10,0,0,1
BRDA:10,0,1,4
BRF:2
BRH:2
end_of_record
TN:
SF:src\Components\header\Header.jsx
FN:7,Header
FN:11,(anonymous_1)
FN:34,(anonymous_2)
FNF:3
FNH:3
FNDA:3,Header
FNDA:3,(anonymous_1)
FNDA:1,(anonymous_2)
DA:8,3
DA:11,3
DA:12,3
DA:13,1
DA:14,1
DA:16,2
DA:19,3
DA:35,1
LF:8
LH:8
BRDA:12,0,0,1
BRDA:12,0,1,2
BRF:2
BRH:2
end_of_record
TN:
SF:src\Pages\countries\Countries.jsx
FN:11,Countries
FN:19,(anonymous_1)
FN:27,(anonymous_2)
FN:29,(anonymous_3)
FN:33,(anonymous_4)
FN:39,(anonymous_5)
FN:43,(anonymous_6)
FN:47,(anonymous_7)
FN:54,(anonymous_8)
FN:69,applyFilter
FN:78,(anonymous_10)
FN:81,(anonymous_11)
FN:99,(anonymous_12)
FN:110,(anonymous_13)
FN:121,(anonymous_14)
FNF:15
FNH:15
FNDA:72,Countries
FNDA:10,(anonymous_1)
FNDA:11,(anonymous_2)
FNDA:10,(anonymous_3)
FNDA:1,(anonymous_4)
FNDA:2,(anonymous_5)
FNDA:1,(anonymous_6)
FNDA:1,(anonymous_7)
FNDA:10,(anonymous_8)
FNDA:3,applyFilter
FNDA:126,(anonymous_10)
FNDA:230,(anonymous_11)
FNDA:48,(anonymous_12)
FNDA:3,(anonymous_13)
FNDA:69,(anonymous_14)
DA:12,72
DA:13,72
DA:14,72
DA:15,72
DA:16,72
DA:19,72
DA:20,10
DA:21,1
DA:22,1
DA:24,9
DA:27,72
DA:28,11
DA:30,10
DA:31,10
DA:34,1
DA:35,1
DA:39,72
DA:40,2
DA:44,1
DA:45,1
DA:48,1
DA:49,1
DA:54,72
DA:55,10
DA:58,72
DA:70,3
DA:71,1
DA:73,2
DA:78,72
DA:79,126
DA:82,230
DA:91,72
DA:100,48
DA:111,3
DA:112,3
DA:122,69
LF:36
LH:36
BRDA:20,0,0,1
BRDA:20,0,1,9
BRDA:70,1,0,1
BRDA:70,1,1,2
BRDA:79,2,0,116
BRDA:79,2,1,10
BRDA:82,3,0,230
BRDA:82,3,1,164
BRDA:82,3,2,104
BRDA:91,4,0,70
BRDA:91,4,1,2
BRDA:120,5,0,56
BRDA:120,5,1,14
BRF:13
BRH:13
end_of_record
TN:
SF:src\Pages\country-details\CountryDetails.jsx
FN:9,CountryDetails
FN:21,(anonymous_1)
FN:29,(anonymous_2)
FN:33,(anonymous_3)
FN:40,(anonymous_4)
FN:46,(anonymous_5)
FN:49,(anonymous_6)
FN:52,(anonymous_7)
FN:60,(anonymous_8)
FN:65,(anonymous_9)
FN:70,showBorderDetails
FN:74,(anonymous_11)
FN:129,(anonymous_12)
FN:136,(anonymous_13)
FN:150,(anonymous_14)
FN:155,(anonymous_15)
FNF:16
FNH:16
FNDA:16,CountryDetails
FNDA:8,(anonymous_1)
FNDA:8,(anonymous_2)
FNDA:4,(anonymous_3)
FNDA:1,(anonymous_4)
FNDA:12,(anonymous_5)
FNDA:3,(anonymous_6)
FNDA:1,(anonymous_7)
FNDA:8,(anonymous_8)
FNDA:12,(anonymous_9)
FNDA:1,showBorderDetails
FNDA:1,(anonymous_11)
FNDA:7,(anonymous_12)
FNDA:7,(anonymous_13)
FNDA:3,(anonymous_14)
FNDA:1,(anonymous_15)
DA:10,16
DA:11,16
DA:12,16
DA:13,16
DA:14,16
DA:15,16
DA:16,16
DA:17,16
DA:18,16
DA:21,16
DA:22,8
DA:23,1
DA:24,1
DA:26,7
DA:29,16
DA:30,8
DA:34,4
DA:35,4
DA:36,4
DA:37,4
DA:38,4
DA:41,1
DA:42,1
DA:46,16
DA:47,12
DA:48,4
DA:50,3
DA:53,1
DA:55,4
DA:60,16
DA:61,8
DA:65,16
DA:66,12
DA:71,1
DA:74,16
DA:75,1
DA:78,16
DA:130,7
DA:137,7
DA:151,3
DA:156,1
LF:41
LH:41
BRDA:22,0,0,1
BRDA:22,0,1,7
BRDA:47,1,0,4
BRDA:47,1,1,8
BRDA:47,2,0,12
BRDA:47,2,1,12
BRDA:78,3,0,15
BRDA:78,3,1,1
BRDA:118,4,0,3
BRDA:118,4,1,12
BRDA:124,5,0,3
BRDA:124,5,1,12
BRDA:148,6,0,12
BRDA:148,6,1,3
BRF:14
BRH:14
end_of_record
TN:
SF:src\services\ApiCountries.js
FN:8,getAll
FN:9,(anonymous_1)
FN:11,(anonymous_2)
FN:17,getByRegion
FN:18,(anonymous_4)
FN:20,(anonymous_5)
FN:26,getByName
FN:27,(anonymous_7)
FN:29,(anonymous_8)
FN:35,getByAlphaCode
FN:36,(anonymous_10)
FN:38,(anonymous_11)
FNF:12
FNH:12
FNDA:4,getAll
FNDA:3,(anonymous_1)
FNDA:1,(anonymous_2)
FNDA:2,getByRegion
FNDA:1,(anonymous_4)
FNDA:1,(anonymous_5)
FNDA:5,getByName
FNDA:1,(anonymous_7)
FNDA:1,(anonymous_8)
FNDA:2,getByAlphaCode
FNDA:1,(anonymous_10)
FNDA:1,(anonymous_11)
DA:3,3
DA:9,4
DA:10,3
DA:12,1
DA:18,2
DA:19,1
DA:21,1
DA:27,5
DA:28,1
DA:30,1
DA:36,2
DA:37,1
DA:39,1
LF:13
LH:13
BRF:0
BRH:0
end_of_record
